<?xml version="1.0" encoding="UTF-8"?>
<!-- Generated by org.testng.reporters.JUnitXMLReporter -->
<testsuite ignored="2" hostname="LAPTOP-HL9EOCAP" failures="0" tests="1" name="Test(failed)(failed)" time="0.042" errors="0" timestamp="2023-11-09T00:04:03 IST">
  <testcase classname="com.actitime.testscript.customermodule" name="creatcustomer" time="0.006"/>
  <testcase classname="com.actitime.testscript.customermodule" name="deletecustomer" time="0.0">
    <ignored/>
  </testcase> <!-- deletecustomer -->
  <testcase classname="com.actitime.testscript.customermodule" name="modifycustomer" time="0.0">
    <ignored/>
  </testcase> <!-- modifycustomer -->
</testsuite> <!-- Test(failed)(failed) -->
