<?xml version="1.0" encoding="UTF-8"?>
<testng-results ignored="0" total="1" passed="1" failed="0" skipped="0">
  <reporter-output>
    <line>
      <![CDATA[openbrowser]]>
    </line>
    <line>
      <![CDATA[login]]>
    </line>
    <line>
      <![CDATA[logout]]>
    </line>
    <line>
      <![CDATA[closebrowser]]>
    </line>
  </reporter-output>
  <suite started-at="2023-11-30T21:57:29 IST" name="Default suite" finished-at="2023-11-30T21:57:35 IST" duration-ms="5777">
    <groups>
    </groups>
    <test started-at="2023-11-30T21:57:29 IST" name="Default test" finished-at="2023-11-30T21:57:35 IST" duration-ms="5777">
      <class name="com.actitime.testscript.CreateProject">
        <test-method is-config="true" signature="OpenBrowser()[pri:0, instance:com.actitime.testscript.CreateProject@7c6908d7]" started-at="2023-11-30T21:57:29 IST" name="OpenBrowser" finished-at="2023-11-30T21:57:31 IST" duration-ms="1874" status="PASS">
          <reporter-output>
            <line>
              <![CDATA[openbrowser]]>
            </line>
          </reporter-output>
        </test-method> <!-- OpenBrowser -->
        <test-method is-config="true" signature="login()[pri:0, instance:com.actitime.testscript.CreateProject@7c6908d7]" started-at="2023-11-30T21:57:31 IST" name="login" finished-at="2023-11-30T21:57:32 IST" duration-ms="368" status="PASS">
          <reporter-output>
            <line>
              <![CDATA[login]]>
            </line>
          </reporter-output>
        </test-method> <!-- login -->
        <test-method signature="testCreateProject()[pri:0, instance:com.actitime.testscript.CreateProject@7c6908d7]" started-at="2023-11-30T21:57:32 IST" name="testCreateProject" finished-at="2023-11-30T21:57:35 IST" duration-ms="3152" status="PASS">
          <reporter-output>
          </reporter-output>
        </test-method> <!-- testCreateProject -->
        <test-method is-config="true" signature="Logout()[pri:0, instance:com.actitime.testscript.CreateProject@7c6908d7]" started-at="2023-11-30T21:57:35 IST" name="Logout" finished-at="2023-11-30T21:57:35 IST" duration-ms="160" status="PASS">
          <reporter-output>
            <line>
              <![CDATA[logout]]>
            </line>
          </reporter-output>
        </test-method> <!-- Logout -->
        <test-method is-config="true" signature="CloseBrowser()[pri:0, instance:com.actitime.testscript.CreateProject@7c6908d7]" started-at="2023-11-30T21:57:35 IST" name="CloseBrowser" finished-at="2023-11-30T21:57:35 IST" duration-ms="178" status="PASS">
          <reporter-output>
            <line>
              <![CDATA[closebrowser]]>
            </line>
          </reporter-output>
        </test-method> <!-- CloseBrowser -->
      </class> <!-- com.actitime.testscript.CreateProject -->
    </test> <!-- Default test -->
  </suite> <!-- Default suite -->
</testng-results>
